<?xml version="1.0" encoding="UTF-8"?>
<robot generator="Robot 6.0.1 (Python 3.8.10 on linux)" generated="20221128 16:37:32.643" rpa="false" schemaversion="3">
<suite id="s1" name="Tests" source="/home/kivimani/ohtu-miniprojekti/tests">
<suite id="s1-s1" name="Home" source="/home/kivimani/ohtu-miniprojekti/tests/home.robot">
<kw name="Open And Configure Browser" library="resource" type="SETUP">
<kw name="Open Browser">
<arg>browser=${BROWSER}</arg>
<msg timestamp="20221128 16:37:32.661" level="FAIL">No keyword with name 'Open Browser' found.</msg>
<status status="FAIL" starttime="20221128 16:37:32.661" endtime="20221128 16:37:32.661"/>
</kw>
<kw name="Maximize Browser Window">
<status status="NOT RUN" starttime="20221128 16:37:32.662" endtime="20221128 16:37:32.662"/>
</kw>
<kw name="Set Selenium Speed">
<arg>${DELAY}</arg>
<status status="NOT RUN" starttime="20221128 16:37:32.663" endtime="20221128 16:37:32.663"/>
</kw>
<status status="FAIL" starttime="20221128 16:37:32.659" endtime="20221128 16:37:32.663"/>
</kw>
<test id="s1-s1-t1" name="Register A Book" line="9">
<status status="FAIL" starttime="20221128 16:37:32.664" endtime="20221128 16:37:32.664">Parent suite setup failed:
No keyword with name 'Open Browser' found.</status>
</test>
<kw name="Close Browser" type="TEARDOWN">
<msg timestamp="20221128 16:37:32.666" level="FAIL">No keyword with name 'Close Browser' found.</msg>
<status status="FAIL" starttime="20221128 16:37:32.666" endtime="20221128 16:37:32.666">No keyword with name 'Close Browser' found.</status>
</kw>
<status status="FAIL" starttime="20221128 16:37:32.655" endtime="20221128 16:37:32.666">Suite setup failed:
No keyword with name 'Open Browser' found.

Also suite teardown failed:
No keyword with name 'Close Browser' found.</status>
</suite>
<status status="FAIL" starttime="20221128 16:37:32.643" endtime="20221128 16:37:32.667"/>
</suite>
<statistics>
<total>
<stat pass="0" fail="1" skip="0">All Tests</stat>
</total>
<tag>
</tag>
<suite>
<stat pass="0" fail="1" skip="0" id="s1" name="Tests">Tests</stat>
<stat pass="0" fail="1" skip="0" id="s1-s1" name="Home">Tests.Home</stat>
</suite>
</statistics>
<errors>
<msg timestamp="20221128 16:37:32.657" level="ERROR">Error in file '/home/kivimani/ohtu-miniprojekti/tests/resource.robot' on line 2: Importing library 'SeleniumLibrary' failed: ModuleNotFoundError: No module named 'SeleniumLibrary'
Traceback (most recent call last):
  None
PYTHONPATH:
  /home/kivimani/.cache/pypoetry/virtualenvs/ohtu-miniprojekti-FOTk-eoZ-py3.8/bin
  /usr/lib/python38.zip
  /usr/lib/python3.8
  /usr/lib/python3.8/lib-dynload
  /home/kivimani/.cache/pypoetry/virtualenvs/ohtu-miniprojekti-FOTk-eoZ-py3.8/lib/python3.8/site-packages</msg>
<msg timestamp="20221128 16:37:32.659" level="ERROR">Error in file '/home/kivimani/ohtu-miniprojekti/tests/resource.robot' on line 3: Importing library '/home/kivimani/ohtu-miniprojekti/AppLibrary.py' failed: ModuleNotFoundError: No module named 'requests'
Traceback (most recent call last):
  File "/home/kivimani/ohtu-miniprojekti/AppLibrary.py", line 1, in &lt;module&gt;
    import requests
PYTHONPATH:
  /home/kivimani/ohtu-miniprojekti
  /home/kivimani/.cache/pypoetry/virtualenvs/ohtu-miniprojekti-FOTk-eoZ-py3.8/bin
  /usr/lib/python38.zip
  /usr/lib/python3.8
  /usr/lib/python3.8/lib-dynload
  /home/kivimani/.cache/pypoetry/virtualenvs/ohtu-miniprojekti-FOTk-eoZ-py3.8/lib/python3.8/site-packages</msg>
</errors>
</robot>
